<?xml version="1.0" encoding="UTF-8"?>
<!-- Generated by org.testng.reporters.JUnitReportReporter -->
<testsuite skipped="0" hostname="DESKTOP-48DV5E4" name="com.class12.FlightSearch" tests="1" failures="0" timestamp="02 Jun 2019 15:46:05 GMT" time="17.628" errors="0">
  <testcase name="searchFlight" time="17.628" classname="com.class12.FlightSearch"/>
</testsuite> <!-- com.class12.FlightSearch -->
