<?xml version="1.0" encoding="UTF-8"?>
<!-- Generated by org.testng.reporters.JUnitReportReporter -->
<testsuite skipped="0" hostname="DESKTOP-48DV5E4" name="com.class12.BrokenLinksDemo" tests="1" failures="0" timestamp="02 Jun 2019 17:04:07 GMT" time="10.776" errors="0">
  <testcase name="brokenLinksVerification" time="10.776" classname="com.class12.BrokenLinksDemo"/>
</testsuite> <!-- com.class12.BrokenLinksDemo -->
