<?xml version="1.0" encoding="UTF-8"?>
<!-- Generated by org.testng.reporters.JUnitReportReporter -->
<testsuite skipped="0" hostname="DESKTOP-48DV5E4" name="com.class12.ReadingPropertyFile" tests="1" failures="0" timestamp="02 Jun 2019 17:51:16 GMT" time="4.714" errors="0">
  <testcase name="readFie" time="4.714" classname="com.class12.ReadingPropertyFile"/>
</testsuite> <!-- com.class12.ReadingPropertyFile -->
