<?xml version="1.0" encoding="UTF-8"?>
<!-- Generated by org.testng.reporters.JUnitReportReporter -->
<testsuite skipped="0" hostname="DESKTOP-48DV5E4" name="com.class12.Task1" tests="1" failures="0" timestamp="02 Jun 2019 18:36:32 GMT" time="7.246" errors="0">
  <testcase name="loginOrangeHRM" time="7.246" classname="com.class12.Task1"/>
</testsuite> <!-- com.class12.Task1 -->
